{
  "0 debug pnpm:scope": {
    "selected": 1
  },
  "1 error pnpm": {
    "code": "ELIFECYCLE",
    "errno": "ENOENT",
    "syscall": "spawn",
    "file": "sh",
    "pkgid": "granja-vue-cli@0.1.0",
    "stage": "build",
    "script": "vue-cli-service build",
    "pkgname": "granja-vue-cli",
    "err": {
      "name": "pnpm",
      "message": "granja-vue-cli@0.1.0 build: `vue-cli-service build`\nspawn ENOENT",
      "code": "ELIFECYCLE",
      "stack": "pnpm: granja-vue-cli@0.1.0 build: `vue-cli-service build`\nspawn ENOENT\n    at ChildProcess.<anonymous> (/home/mechell/.local/share/pnpm/nodejs/14.18.1/pnpm-global/5/node_modules/.pnpm/pnpm@6.20.0/node_modules/pnpm/dist/pnpm.cjs:93848:22)\n    at ChildProcess.emit (node:events:390:28)\n    at maybeClose (node:internal/child_process:1064:16)\n    at Process.ChildProcess._handle.onexit (node:internal/child_process:301:5)"
    }
  },
  "2 warn pnpm:global": " Local package.json exists, but node_modules missing, did you mean to install?"
}